bgif08
bgig08
bgih08
bgij08
bgik08
bgim08
bgiq08
bgiu08
bgiv08
bgiz07
bg2f08
bg2v08
b34f08
b34j08
b40f08
b40j08
cnif08
cnih08
cnik08
cnin08
cniu08
cn2f08
cn2h08
cn2k08
cn2u08
ddij08
ddin08
di1f08
di1f09
di1f10
di1f11
di1f12
di1f13
di1f14
di1f15
di1f17
di1g08
di1h08
di1j08
di1j09
di1j10
di1j11
di1j12
di1n08
di1n09
di1n10
di1n11
di1n12
di1v08
di1v09
di1v10
di1v11
di1v12
dolf08
dolg08
dolh08
dolj08
dolk08
doln08
etng08
etnh08
frcf09
frcf10
frcf13
frcf14
frch08
frcj08
frcj09
frcj10
frcj14
frcn08
frcn09
frcn10
frcn11
frcn12
frcn14
frcv08
frcv09
frcv10
frp0
frp1
icfh08
icfk08
icfu08
icfz08
ic2h08
indg08
isug08
oz1d
oz2d
sojh08
sojk08
sojm08
sojn08
so2k08
so2m08
so2n08
t10h08
wdlf08
wdlg08
wing08
indfut
dolar
alcool
cbond
boigordo
cupomcambial
cafe
acucar
ouro
